  [1m[36m (8.5ms)[0m  [1mCREATE TABLE "schema_migrations" ("version" character varying(255) NOT NULL) [0m
  [1m[35m (13.6ms)[0m  CREATE UNIQUE INDEX  "unique_schema_migrations" ON "schema_migrations"  ("version")
  [1m[36mActiveRecord::SchemaMigration Load (0.4ms)[0m  [1mSELECT "schema_migrations".* FROM "schema_migrations"[0m
Migrating to CreateUsers (20150213035110)
  [1m[35m (0.2ms)[0m  BEGIN
  [1m[36m (21.7ms)[0m  [1mCREATE TABLE "users" ("id" serial primary key, "username" character varying(255), "email" character varying(255), "password_digest" character varying(255), "created_at" timestamp, "updated_at" timestamp) [0m
  [1m[35mSQL (0.2ms)[0m  INSERT INTO "schema_migrations" ("version") VALUES ($1)  [["version", "20150213035110"]]
  [1m[36m (6.2ms)[0m  [1mCOMMIT[0m
  [1m[35mActiveRecord::SchemaMigration Load (0.2ms)[0m  SELECT "schema_migrations".* FROM "schema_migrations"
  [1m[36mActiveRecord::SchemaMigration Load (6.3ms)[0m  [1mSELECT "schema_migrations".* FROM "schema_migrations"[0m
  [1m[35mActiveRecord::SchemaMigration Load (0.1ms)[0m  SELECT "schema_migrations".* FROM "schema_migrations"
  [1m[36m (0.1ms)[0m  [1mDROP DATABASE IF EXISTS "ticket_hound_development"[0m
  [1m[35m (0.1ms)[0m  DROP DATABASE IF EXISTS "ticket_hound_test"
  [1m[36m (351.2ms)[0m  [1mCREATE DATABASE "ticket_hound_development" ENCODING = 'unicode'[0m
  [1m[35m (245.7ms)[0m  CREATE DATABASE "ticket_hound_test" ENCODING = 'unicode'
  [1m[36mSQL (1.1ms)[0m  [1mCREATE EXTENSION IF NOT EXISTS "plpgsql"[0m
  [1m[35m (4.2ms)[0m  CREATE TABLE "users" ("id" serial primary key, "username" character varying(255), "email" character varying(255), "password_digest" character varying(255), "created_at" timestamp, "updated_at" timestamp) 
  [1m[36m (0.5ms)[0m  [1mCREATE TABLE "schema_migrations" ("version" character varying(255) NOT NULL) [0m
  [1m[35m (0.9ms)[0m  CREATE UNIQUE INDEX  "unique_schema_migrations" ON "schema_migrations"  ("version")
  [1m[36m (0.2ms)[0m  [1mSELECT version FROM "schema_migrations"[0m
  [1m[35m (0.6ms)[0m  INSERT INTO "schema_migrations" (version) VALUES ('20150213035110')
  [1m[36mActiveRecord::SchemaMigration Load (0.1ms)[0m  [1mSELECT "schema_migrations".* FROM "schema_migrations"[0m
  [1m[36mActiveRecord::SchemaMigration Load (0.2ms)[0m  [1mSELECT "schema_migrations".* FROM "schema_migrations"[0m
  [1m[35mActiveRecord::SchemaMigration Load (0.1ms)[0m  SELECT "schema_migrations".* FROM "schema_migrations"
  [1m[36m (113.5ms)[0m  [1mDROP DATABASE IF EXISTS "ticket_hound_development"[0m
  [1m[35m (113.9ms)[0m  DROP DATABASE IF EXISTS "ticket_hound_test"
  [1m[36m (367.5ms)[0m  [1mCREATE DATABASE "ticket_hound_development" ENCODING = 'unicode'[0m
  [1m[35m (245.1ms)[0m  CREATE DATABASE "ticket_hound_test" ENCODING = 'unicode'
  [1m[36mSQL (0.3ms)[0m  [1mCREATE EXTENSION IF NOT EXISTS "plpgsql"[0m
  [1m[35m (22.5ms)[0m  CREATE TABLE "users" ("id" serial primary key, "username" character varying(255), "email" character varying(255), "password_digest" character varying(255), "created_at" timestamp, "updated_at" timestamp) 
  [1m[36m (1.2ms)[0m  [1mCREATE TABLE "schema_migrations" ("version" character varying(255) NOT NULL) [0m
  [1m[35m (1.6ms)[0m  CREATE UNIQUE INDEX  "unique_schema_migrations" ON "schema_migrations"  ("version")
  [1m[36m (0.3ms)[0m  [1mSELECT version FROM "schema_migrations"[0m
  [1m[35m (0.5ms)[0m  INSERT INTO "schema_migrations" (version) VALUES ('20150213035110')
  [1m[36mActiveRecord::SchemaMigration Load (0.2ms)[0m  [1mSELECT "schema_migrations".* FROM "schema_migrations"[0m
  [1m[36mActiveRecord::SchemaMigration Load (0.2ms)[0m  [1mSELECT "schema_migrations".* FROM "schema_migrations"[0m
  [1m[35mActiveRecord::SchemaMigration Load (0.1ms)[0m  SELECT "schema_migrations".* FROM "schema_migrations"
  [1m[36m (0.1ms)[0m  [1mBEGIN[0m
  [1m[35m (0.3ms)[0m  ROLLBACK
  [1m[36m (0.1ms)[0m  [1mBEGIN[0m
  [1m[35m (0.2ms)[0m  SAVEPOINT active_record_1
  [1m[36mUser Exists (0.8ms)[0m  [1mSELECT  1 AS one FROM "users"  WHERE LOWER("users"."username") = LOWER('testuser') LIMIT 1[0m
  [1m[35mUser Exists (0.2ms)[0m  SELECT  1 AS one FROM "users"  WHERE LOWER("users"."email") = LOWER('test@test.com') LIMIT 1
  [1m[36m (12.1ms)[0m  [1mROLLBACK TO SAVEPOINT active_record_1[0m
  [1m[35m (0.3ms)[0m  SAVEPOINT active_record_1
  [1m[36mUser Exists (0.2ms)[0m  [1mSELECT  1 AS one FROM "users"  WHERE LOWER("users"."username") = LOWER('testuser') LIMIT 1[0m
  [1m[35mUser Exists (0.2ms)[0m  SELECT  1 AS one FROM "users"  WHERE LOWER("users"."email") = LOWER('test@test.com') LIMIT 1
  [1m[36m (0.1ms)[0m  [1mROLLBACK TO SAVEPOINT active_record_1[0m
  [1m[35m (0.3ms)[0m  ROLLBACK
  [1m[36m (0.1ms)[0m  [1mBEGIN[0m
  [1m[35m (0.2ms)[0m  SAVEPOINT active_record_1
  [1m[36mUser Exists (0.5ms)[0m  [1mSELECT  1 AS one FROM "users"  WHERE LOWER("users"."username") = LOWER('testuser') LIMIT 1[0m
  [1m[35mUser Exists (0.2ms)[0m  SELECT  1 AS one FROM "users"  WHERE LOWER("users"."email") = LOWER('test@test.com') LIMIT 1
  [1m[36mSQL (0.6ms)[0m  [1mINSERT INTO "users" ("created_at", "email", "password_digest", "updated_at", "username") VALUES ($1, $2, $3, $4, $5) RETURNING "id"[0m  [["created_at", "2015-02-13 23:40:08.049042"], ["email", "test@test.com"], ["password_digest", "$2a$10$i2BqNCFbTUG3Qfo17QAhjOd.6LBm2UZJyp12lRtMswsJdx2tm4dga"], ["updated_at", "2015-02-13 23:40:08.049042"], ["username", "testuser"]]
  [1m[35m (0.1ms)[0m  RELEASE SAVEPOINT active_record_1
  [1m[36m (0.3ms)[0m  [1mROLLBACK[0m
  [1m[36m (115.9ms)[0m  [1mDROP DATABASE IF EXISTS "ticket_hound_test"[0m
  [1m[35m (337.4ms)[0m  CREATE DATABASE "ticket_hound_test" ENCODING = 'unicode'
  [1m[36mSQL (0.2ms)[0m  [1mCREATE EXTENSION IF NOT EXISTS "plpgsql"[0m
  [1m[35m (23.0ms)[0m  CREATE TABLE "users" ("id" serial primary key, "username" character varying(255), "email" character varying(255), "password_digest" character varying(255), "created_at" timestamp, "updated_at" timestamp) 
  [1m[36m (1.0ms)[0m  [1mCREATE TABLE "schema_migrations" ("version" character varying(255) NOT NULL) [0m
  [1m[35m (1.1ms)[0m  CREATE UNIQUE INDEX  "unique_schema_migrations" ON "schema_migrations"  ("version")
  [1m[36m (0.3ms)[0m  [1mSELECT version FROM "schema_migrations"[0m
  [1m[35m (0.5ms)[0m  INSERT INTO "schema_migrations" (version) VALUES ('20150213035110')
